<?xml version="1.0" encoding="UTF-8"?>
<testsuites name="Web Test Suite" time="71.363" tests="1" failures="0" errors="0">
   <testsuite name="Web Test Suite" tests="1" failures="0" errors="0" time="71.363" skipped="0" timestamp="28-03-2024T14:33:56" hostname="1913 - LAPTOP-419KGK7F" id="Test Suites/Web Test Suite">
      <properties>
[...]
</properties>
      <testcase name="Test Cases/Web Test Case" time="71.148" classname="Test Cases/Web Test Case" status="PASSED">
         <system-out><![CDATA[28-03-2024T14:33:57 - [TEST_CASE][PASSED] - Test Cases/Web Test Case: Test Cases/Web Test Case

28-03-2024T14:33:57 - [TEST_STEP][PASSED] - openBrowser(""): Browser is opened with url: ''

28-03-2024T14:33:57 - [MESSAGE][INFO] - User set preference: ['os', 'windows']

28-03-2024T14:33:58 - [MESSAGE][INFO] - User set preference: ['browserName', 'chrome']

28-03-2024T14:33:58 - [MESSAGE][INFO] - User set preference: ['browserVersion', '121']

28-03-2024T14:33:58 - [MESSAGE][INFO] - User set preference: ['katalon:option', '{organizationId=1440382, tunnelId=, usingTunnel=false}']

28-03-2024T14:33:58 - [MESSAGE][INFO] - Connecting to remote web server 'testcloud.katalon.com/hub' with type 'Selenium'

28-03-2024T14:33:58 - [MESSAGE][INFO] - Action delay is set to 0 milliseconds

28-03-2024T14:34:30 - [MESSAGE][PASSED] - Browser is opened with url: ''

28-03-2024T14:34:30 - [TEST_STEP][PASSED] - navigateToUrl("https://katalon-demo-cura.herokuapp.com/"): Navigate to 'https://katalon-demo-cura.herokuapp.com/' successfully

28-03-2024T14:34:31 - [MESSAGE][PASSED] - Navigate to 'https://katalon-demo-cura.herokuapp.com/' successfully

28-03-2024T14:34:31 - [TEST_STEP][PASSED] - click(findTestObject("Object Repository/Page_CURA Healthcare Service/a_CURA Healthcare_menu-toggle")): Object: 'Object Repository/Page_CURA Healthcare Service/a_CURA Healthcare_menu-toggle' is clicked on

28-03-2024T14:34:35 - [MESSAGE][PASSED] - Object: 'Object Repository/Page_CURA Healthcare Service/a_CURA Healthcare_menu-toggle' is clicked on

28-03-2024T14:34:35 - [TEST_STEP][PASSED] - click(findTestObject("Object Repository/Page_CURA Healthcare Service/a_Login")): Object: 'Object Repository/Page_CURA Healthcare Service/a_Login' is clicked on

28-03-2024T14:34:39 - [MESSAGE][PASSED] - Object: 'Object Repository/Page_CURA Healthcare Service/a_Login' is clicked on

28-03-2024T14:34:39 - [TEST_STEP][PASSED] - setText(findTestObject("Object Repository/Page_CURA Healthcare Service/input_Username_username"), "John Doe"): Text 'John Doe' is set on object 'Object Repository/Page_CURA Healthcare Service/input_Username_username'

28-03-2024T14:34:48 - [MESSAGE][PASSED] - Text 'John Doe' is set on object 'Object Repository/Page_CURA Healthcare Service/input_Username_username'

28-03-2024T14:34:48 - [TEST_STEP][PASSED] - setEncryptedText(findTestObject("Object Repository/Page_CURA Healthcare Service/input_Password_password"), "g3/DOGG74jC3Flrr3yH+3D/yKbOqqUNM"): Text ****** has been set on object 'Object Repository/Page_CURA Healthcare Service/input_Password_password'

28-03-2024T14:34:54 - [MESSAGE][PASSED] - Text ****** has been set on object 'Object Repository/Page_CURA Healthcare Service/input_Password_password'

28-03-2024T14:34:54 - [TEST_STEP][PASSED] - click(findTestObject("Object Repository/Page_CURA Healthcare Service/button_Login")): Object: 'Object Repository/Page_CURA Healthcare Service/button_Login' is clicked on

28-03-2024T14:34:57 - [MESSAGE][PASSED] - Object: 'Object Repository/Page_CURA Healthcare Service/button_Login' is clicked on

28-03-2024T14:34:57 - [TEST_STEP][PASSED] - click(findTestObject("Object Repository/Page_CURA Healthcare Service/i_CURA Healthcare_fa fa-bars")): Object: 'Object Repository/Page_CURA Healthcare Service/i_CURA Healthcare_fa fa-bars' is clicked on

28-03-2024T14:35:02 - [MESSAGE][PASSED] - Object: 'Object Repository/Page_CURA Healthcare Service/i_CURA Healthcare_fa fa-bars' is clicked on

28-03-2024T14:35:02 - [TEST_STEP][PASSED] - click(findTestObject("Object Repository/Page_CURA Healthcare Service/a_Logout")): Object: 'Object Repository/Page_CURA Healthcare Service/a_Logout' is clicked on

28-03-2024T14:35:06 - [MESSAGE][PASSED] - Object: 'Object Repository/Page_CURA Healthcare Service/a_Logout' is clicked on

28-03-2024T14:35:06 - [TEST_STEP][PASSED] - closeBrowser(): Browser is closed

28-03-2024T14:35:08 - [MESSAGE][PASSED] - Browser is closed]]></system-out>
         <system-err><![CDATA[]]></system-err>
      </testcase>
      <system-out><![CDATA[28-03-2024T14:33:56 - [TEST_SUITE][PASSED] - Web Test Suite: Test Cases/Web Test Case]]></system-out>
      <system-err><![CDATA[]]></system-err>
   </testsuite>
</testsuites>
